<?xml version="1.0" encoding="UTF-8" ?>
<testsuite tests="1" failures="1" name="at.jku.swtesting.LisssTest" time="16.83" errors="0" skipped="0">
  <properties>
[...]
</properties>
  <testcase classname="at.jku.swtesting.LisssTest" name="at.jku.swtesting.LisssTest.testSearch" time="16.83">
    <failure message="no such element: Unable to locate element: {&quot;method&quot;:&quot;css selector&quot;,&quot;selector&quot;:&quot;#searchBar&quot;}
  (Session info: chrome=81.0.4044.129)
For documentation on this error, please visit: https://www.seleniumhq.org/exceptions/no_such_element.html
Build info: version: &apos;3.141.59&apos;, revision: &apos;e82be7d358&apos;, time: &apos;2018-11-14T08:17:03&apos;
System info: host: &apos;LAPTOP-J45JVN7D&apos;, ip: &apos;192.168.1.198&apos;, os.name: &apos;Windows 10&apos;, os.arch: &apos;amd64&apos;, os.version: &apos;10.0&apos;, java.version: &apos;11.0.6&apos;
Driver info: org.openqa.selenium.chrome.ChromeDriver
Capabilities {acceptInsecureCerts: false, browserName: chrome, browserVersion: 81.0.4044.129, chrome: {chromedriverVersion: 81.0.4044.69 (6813546031a4b..., userDataDir: C:\Users\stefa\AppData\Loca...}, goog:chromeOptions: {debuggerAddress: localhost:54553}, javascriptEnabled: true, networkConnectionEnabled: false, pageLoadStrategy: normal, platform: WINDOWS, platformName: WINDOWS, proxy: Proxy(), setWindowRect: true, strictFileInteractability: false, timeouts: {implicit: 0, pageLoad: 300000, script: 30000}, unhandledPromptBehavior: dismiss and notify, webauthn:virtualAuthenticators: true}
Session ID: c2a516198d55499314e9cdc8d98ae5c7
*** Element info: {Using=id, value=searchBar}" type="org.openqa.selenium.NoSuchElementException">org.openqa.selenium.NoSuchElementException: no such element: Unable to locate element: {&quot;method&quot;:&quot;css selector&quot;,&quot;selector&quot;:&quot;#searchBar&quot;}
  (Session info: chrome=81.0.4044.129)
For documentation on this error, please visit: https://www.seleniumhq.org/exceptions/no_such_element.html
Build info: version: &apos;3.141.59&apos;, revision: &apos;e82be7d358&apos;, time: &apos;2018-11-14T08:17:03&apos;
System info: host: &apos;LAPTOP-J45JVN7D&apos;, ip: &apos;192.168.1.198&apos;, os.name: &apos;Windows 10&apos;, os.arch: &apos;amd64&apos;, os.version: &apos;10.0&apos;, java.version: &apos;11.0.6&apos;
Driver info: org.openqa.selenium.chrome.ChromeDriver
Capabilities {acceptInsecureCerts: false, browserName: chrome, browserVersion: 81.0.4044.129, chrome: {chromedriverVersion: 81.0.4044.69 (6813546031a4b..., userDataDir: C:\Users\stefa\AppData\Loca...}, goog:chromeOptions: {debuggerAddress: localhost:54553}, javascriptEnabled: true, networkConnectionEnabled: false, pageLoadStrategy: normal, platform: WINDOWS, platformName: WINDOWS, proxy: Proxy(), setWindowRect: true, strictFileInteractability: false, timeouts: {implicit: 0, pageLoad: 300000, script: 30000}, unhandledPromptBehavior: dismiss and notify, webauthn:virtualAuthenticators: true}
Session ID: c2a516198d55499314e9cdc8d98ae5c7
*** Element info: {Using=id, value=searchBar}
	at java.base/jdk.internal.reflect.NativeConstructorAccessorImpl.newInstance0(Native Method)
	at java.base/jdk.internal.reflect.NativeConstructorAccessorImpl.newInstance(NativeConstructorAccessorImpl.java:62)
	at java.base/jdk.internal.reflect.DelegatingConstructorAccessorImpl.newInstance(DelegatingConstructorAccessorImpl.java:45)
	at java.base/java.lang.reflect.Constructor.newInstance(Constructor.java:490)
	at org.openqa.selenium.remote.http.W3CHttpResponseCodec.createException(W3CHttpResponseCodec.java:187)
	at org.openqa.selenium.remote.http.W3CHttpResponseCodec.decode(W3CHttpResponseCodec.java:122)
	at org.openqa.selenium.remote.http.W3CHttpResponseCodec.decode(W3CHttpResponseCodec.java:49)
	at org.openqa.selenium.remote.HttpCommandExecutor.execute(HttpCommandExecutor.java:158)
	at org.openqa.selenium.remote.service.DriverCommandExecutor.execute(DriverCommandExecutor.java:83)
	at org.openqa.selenium.remote.RemoteWebDriver.execute(RemoteWebDriver.java:552)
	at org.openqa.selenium.remote.RemoteWebDriver.findElement(RemoteWebDriver.java:323)
	at org.openqa.selenium.remote.RemoteWebDriver.findElementById(RemoteWebDriver.java:372)
	at org.openqa.selenium.By$ById.findElement(By.java:188)
	at org.openqa.selenium.remote.RemoteWebDriver.findElement(RemoteWebDriver.java:315)
	at at.jku.swtesting.LisssTest.testSearch(LisssTest.java:44)
</failure>
    <system-out>11:09:14.582 [main] DEBUG io.github.bonigarcia.wdm.Preferences - Preference chrome=81 (valid until 2020-05-06 17:39:53)
11:09:14.585 [main] DEBUG io.github.bonigarcia.wdm.Preferences - Preference chrome81=81.0.4044.69 (valid until 2020-05-06 17:39:53)
11:09:14.586 [main] INFO io.github.bonigarcia.wdm.WebDriverManager - Using chromedriver 81.0.4044.69 (since Google Chrome 81 is installed in your machine)
11:09:14.601 [main] DEBUG io.github.bonigarcia.wdm.WebDriverManager - Driver chromedriver 81.0.4044.69 found in cache
11:09:14.603 [main] INFO io.github.bonigarcia.wdm.WebDriverManager - Exporting webdriver.chrome.driver as C:\Users\stefa\.m2\repository\webdriver\chromedriver\win32\81.0.4044.69\chromedriver.exe
</system-out>
    <system-err>Starting ChromeDriver 81.0.4044.69 (6813546031a4bc83f717a2ef7cd4ac6ec1199132-refs/branch-heads/4044@{#776}) on port 12887
Only local connections are allowed.
Please protect ports used by ChromeDriver and related test frameworks to prevent access by malicious code.
Mai 06, 2020 11:09:17 VORM. org.openqa.selenium.remote.ProtocolHandshake createSession
INFO: Detected dialect: W3C
[1588756158.416][SEVERE]: Timed out receiving message from renderer: 0.100
[1588756158.528][SEVERE]: Timed out receiving message from renderer: 0.100
[1588756158.640][SEVERE]: Timed out receiving message from renderer: 0.100
[1588756158.742][SEVERE]: Timed out receiving message from renderer: 0.100
[1588756158.896][SEVERE]: Timed out receiving message from renderer: 0.100
[1588756158.997][SEVERE]: Timed out receiving message from renderer: 0.100
[1588756159.099][SEVERE]: Timed out receiving message from renderer: 0.100
[1588756159.205][SEVERE]: Timed out receiving message from renderer: 0.100
[1588756159.310][SEVERE]: Timed out receiving message from renderer: 0.100
[1588756159.415][SEVERE]: Timed out receiving message from renderer: 0.100
[1588756159.521][SEVERE]: Timed out receiving message from renderer: 0.100
[1588756159.629][SEVERE]: Timed out receiving message from renderer: 0.100
[1588756159.750][SEVERE]: Timed out receiving message from renderer: 0.100
[1588756159.855][SEVERE]: Timed out receiving message from renderer: 0.100
[1588756159.960][SEVERE]: Timed out receiving message from renderer: 0.100
[1588756160.063][SEVERE]: Timed out receiving message from renderer: 0.100
[1588756160.165][SEVERE]: Timed out receiving message from renderer: 0.100
</system-err>
  </testcase>
</testsuite>