<?xml version="1.0" encoding="UTF-8" ?>
<testsuite tests="1" failures="1" name="at.jku.swtesting.LisssTest" time="12.33" errors="0" skipped="0">
  <properties>
[...]
</properties>
  <testcase classname="at.jku.swtesting.LisssTest" name="at.jku.swtesting.LisssTest.testSearch" time="12.33">
    <failure message="expected: &lt;2,730 Ergebnisse&gt; but was: &lt;2.730 Ergebnisse&gt;" type="org.opentest4j.AssertionFailedError">org.opentest4j.AssertionFailedError: expected: &lt;2,730 Ergebnisse&gt; but was: &lt;2.730 Ergebnisse&gt;
	at org.junit.jupiter.api.AssertionUtils.fail(AssertionUtils.java:55)
	at org.junit.jupiter.api.AssertionUtils.failNotEqual(AssertionUtils.java:62)
	at org.junit.jupiter.api.AssertEquals.assertEquals(AssertEquals.java:182)
	at org.junit.jupiter.api.AssertEquals.assertEquals(AssertEquals.java:177)
	at org.junit.jupiter.api.Assertions.assertEquals(Assertions.java:1124)
	at at.jku.swtesting.LisssTest.testSearch(LisssTest.java:57)
</failure>
    <system-out>19:21:54.424 [main] DEBUG io.github.bonigarcia.wdm.Preferences - Preference chrome=81 (valid until 2020-05-06 17:39:53)
19:21:54.433 [main] DEBUG io.github.bonigarcia.wdm.Preferences - Preference chrome81=81.0.4044.69 (valid until 2020-05-06 17:39:53)
19:21:54.434 [main] INFO io.github.bonigarcia.wdm.WebDriverManager - Using chromedriver 81.0.4044.69 (since Google Chrome 81 is installed in your machine)
19:21:54.452 [main] DEBUG io.github.bonigarcia.wdm.WebDriverManager - Driver chromedriver 81.0.4044.69 found in cache
19:21:54.453 [main] INFO io.github.bonigarcia.wdm.WebDriverManager - Exporting webdriver.chrome.driver as C:\Users\stefa\.m2\repository\webdriver\chromedriver\win32\81.0.4044.69\chromedriver.exe
</system-out>
    <system-err>Starting ChromeDriver 81.0.4044.69 (6813546031a4bc83f717a2ef7cd4ac6ec1199132-refs/branch-heads/4044@{#776}) on port 25404
Only local connections are allowed.
Please protect ports used by ChromeDriver and related test frameworks to prevent access by malicious code.
Mai 05, 2020 7:21:58 NACHM. org.openqa.selenium.remote.ProtocolHandshake createSession
INFO: Detected dialect: W3C
[1588699318.950][SEVERE]: Timed out receiving message from renderer: 0.100
[1588699319.098][SEVERE]: Timed out receiving message from renderer: 0.100
[1588699319.236][SEVERE]: Timed out receiving message from renderer: 0.100
[1588699319.459][SEVERE]: Timed out receiving message from renderer: 0.100
[1588699319.567][SEVERE]: Timed out receiving message from renderer: 0.100
[1588699319.718][SEVERE]: Timed out receiving message from renderer: 0.100
[1588699319.824][SEVERE]: Timed out receiving message from renderer: 0.100
[1588699319.937][SEVERE]: Timed out receiving message from renderer: 0.100
[1588699320.046][SEVERE]: Timed out receiving message from renderer: 0.100
[1588699320.161][SEVERE]: Timed out receiving message from renderer: 0.100
[1588699320.473][SEVERE]: Timed out receiving message from renderer: 0.100
[1588699320.578][SEVERE]: Timed out receiving message from renderer: 0.100
</system-err>
  </testcase>
</testsuite>